\BOOKMARK [1][-]{section*.4}{\376\377\000D\000a\000n\000h\000\040\000s\000\341\000c\000h\000\040\000k\000\355\000\040\000h\000i\036\307\000u}{}% 1
\BOOKMARK [1][-]{section*.6}{\376\377\000D\000a\000n\000h\000\040\000s\000\341\000c\000h\000\040\000t\036\353\000\040\000v\000i\036\277\000t\000\040\000t\036\257\000t}{}% 2
\BOOKMARK [1][-]{section*.9}{\376\377\000D\000a\000n\000h\000\040\000s\000\341\000c\000h\000\040\000h\000\354\000n\000h\000\040\036\243\000n\000h}{}% 3
\BOOKMARK [1][-]{section*.9}{\376\377\000D\000a\000n\000h\000\040\000s\000\341\000c\000h\000\040\000b\036\243\000n\000g\000\040\000b\000i\036\303\000u}{}% 4
\BOOKMARK [1][-]{section*.10}{\376\377\000D\000a\000n\000h\000\040\000s\000\341\000c\000h\000\040\000t\000h\000\340\000n\000h\000\040\000v\000i\000\352\000n\000\040\000v\000\340\000\040\000n\000h\000i\036\307\000m\000\040\000v\036\345}{}% 5
\BOOKMARK [1][-]{section.1}{\376\377\000T\036\325\000n\000g\000\040\000q\000u\000a\000n\000\040\000v\036\301\000\040\001\021\036\301\000\040\000t\000\340\000i}{}% 6
\BOOKMARK [2][-]{subsection.1.1}{\376\377\000M\000\364\000\040\000t\036\243\000\040\001\021\036\301\000\040\000t\000\340\000i}{section.1}% 7
\BOOKMARK [2][-]{subsection.1.2}{\376\377\000M\036\345\000c\000\040\000t\000i\000\352\000u\000\040\001\021\036\301\000\040\000t\000\340\000i}{section.1}% 8
\BOOKMARK [2][-]{subsection.1.3}{\376\377\000P\000h\036\241\000m\000\040\000v\000i\000\040\001\021\036\301\000\040\000t\000\340\000i}{section.1}% 9
\BOOKMARK [1][-]{section.2}{\376\377\000F\000u\000n\000c\000t\000i\000o\000n\000a\000l\000\040\000R\000e\000q\000u\000i\000r\000e\000m\000e\000n\000t\000s\000\040\000-\000\040\000N\000o\000n\000-\000f\000u\000n\000c\000t\000i\000o\000n\000a\000l\000\040\000R\000e\000q\000u\000i\000r\000e\000m\000e\000n\000t\000s}{}% 10
\BOOKMARK [2][-]{subsection.2.1}{\376\377\000F\000u\000n\000c\000t\000i\000o\000n\000a\000l\000\040\000R\000e\000q\000u\000i\000r\000e\000m\000e\000n\000t\000s}{section.2}% 11
\BOOKMARK [3][-]{subsubsection.2.1.1}{\376\377\000N\000o\000n\000-\000i\000n\000t\000e\000r\000a\000c\000t\000i\000v\000e\000\040\000R\000e\000q\000u\000i\000r\000e\000m\000e\000n\000t\000s}{subsection.2.1}% 12
\BOOKMARK [0][-]{subsubsubsection.2.1.1.1}{\376\377\000T\000\355\000n\000h\000\040\000n\001\003\000n\000g\000\040\000S\000t\000r\000e\000a\000m\000i\000n\000g\000\040\036\337\000\040\000n\000h\000i\036\301\000u\000\040\000m\036\351\000c\000\040\000b\000i\000t\000r\000a\000t\000e}{}% 13
\BOOKMARK [0][-]{subsubsubsection.2.1.1.2}{\376\377\000T\000\355\000n\000h\000\040\000n\001\003\000n\000g\000\040\000g\036\343\000i\000\040\000\375\000\040\000b\000\340\000i\000\040\000h\000\341\000t\000\040\000d\036\361\000a\000\040\000v\000\340\000o\000\040\000l\001\260\036\343\000t\000\040\000n\000g\000h\000e\000\040\000g\036\247\000n\000\040\001\021\000\342\000y}{}% 14
\BOOKMARK [0][-]{subsubsubsection.2.1.1.3}{\376\377\000T\000\355\000n\000h\000\040\000n\001\003\000n\000g\000\040\000t\036\361\000\040\001\021\036\331\000n\000g\000\040\000t\036\241\000o\000\040\036\243\000n\000h\000\040\000c\000o\000v\000e\000r\000/\000t\000h\000u\000m\000b\000n\000a\000i\000l\000\040\000n\036\277\000u\000\040\000N\000g\001\260\036\335\000i\000\040\000d\000\371\000n\000g\000\040\000k\000h\000\364\000n\000g\000\040\000u\000p\000l\000o\000a\000d}{}% 15
\BOOKMARK [0][-]{subsubsubsection.2.1.1.4}{\376\377\000T\000\355\000n\000h\000\040\000n\001\003\000n\000g\000\040\000t\036\361\000\040\001\021\036\331\000n\000g\000\040\000p\000h\000\341\000t\000\040\000b\000\340\000i\000\040\000h\000\341\000t\000\040\000t\000i\036\277\000p\000\040\000t\000h\000e\000o\000\040\000t\000r\000o\000n\000g\000\040\000p\000l\000a\000y\000l\000i\000s\000t\000/\000q\000u\000e\000u\000e}{}% 16
\BOOKMARK [0][-]{subsubsubsection.2.1.1.5}{\376\377\000T\000\355\000n\000h\000\040\000n\001\003\000n\000g\000\040\000t\000h\000\364\000n\000g\000\040\000b\000\341\000o\000\040\000k\000h\000i\000\040\000N\000g\000h\036\307\000\040\000s\001\051\000\040\001\021\001\260\036\343\000c\000\040\000f\000o\000l\000l\000o\000w\000\040\000p\000h\000\341\000t\000\040\000h\000\340\000n\000h\000\040\000b\000\340\000i\000\040\000h\000\341\000t\000/\000a\000l\000b\000u\000m\000\040\000m\036\333\000i}{}% 17
\BOOKMARK [0][-]{subsubsubsection.2.1.1.6}{\376\377\000T\000\355\000n\000h\000\040\000n\001\003\000n\000g\000\040\000t\000h\036\321\000n\000g\000\040\000k\000\352\000\040\000t\000h\036\335\000i\000\040\000g\000i\000a\000n\000\040\000n\000g\000h\000e\000\040\000v\000\340\000\040\000l\001\260\036\343\000t\000\040\000n\000g\000h\000e}{}% 18
\BOOKMARK [0][-]{subsubsubsection.2.1.1.7}{\376\377\000T\000\355\000n\000h\000\040\000n\001\003\000n\000g\000\040\000t\036\241\000o\000\040\000v\000\340\000\040\001\021\036\323\000n\000g\000\040\000b\036\331\000\040\000l\036\335\000i\000\040\000b\000\340\000i\000\040\000h\000\341\000t\000\040\000\050\000L\000y\000r\000i\000c\000\040\000S\000y\000n\000c\000\051}{}% 19
\BOOKMARK [1][-]{subsection.2.2}{\376\377\000N\000o\000n\000-\000f\000u\000n\000c\000t\000i\000o\000n\000a\000l\000\040\000R\000e\000q\000u\000i\000r\000e\000m\000e\000n\000t\000s}{subsubsubsection.2.1.1.7}% 20
\BOOKMARK [1][-]{section.3}{\376\377\000U\000s\000e\000-\000c\000a\000s\000e\000\040\000D\000i\000a\000g\000r\000a\000m\000\040\000v\000\340\000\040\000U\000s\000e\000-\000c\000a\000s\000e\000\040\000S\000c\000e\000n\000a\000r\000i\000o}{subsubsubsection.2.1.1.7}% 21
